0 info it worked if it ends with ok
1 verbose cli [ 'node', '/usr/local/bin/npm', 'run', 'start' ]
2 info using npm@2.12.1
3 info using node@v0.10.40
4 verbose node symlink /usr/local/bin/node
5 verbose run-script [ 'prestart', 'start', 'poststart' ]
6 info prestart express-starter@0.0.5
7 info start express-starter@0.0.5
8 verbose unsafe-perm in lifecycle true
9 info express-starter@0.0.5 Failed to exec start script
10 verbose stack Error: express-starter@0.0.5 start: `node server.js`
10 verbose stack Exit status 8
10 verbose stack     at EventEmitter.<anonymous> (/usr/local/lib/node_modules/npm/lib/utils/lifecycle.js:213:16)
10 verbose stack     at EventEmitter.emit (events.js:98:17)
10 verbose stack     at ChildProcess.<anonymous> (/usr/local/lib/node_modules/npm/lib/utils/spawn.js:24:14)
10 verbose stack     at ChildProcess.emit (events.js:98:17)
10 verbose stack     at maybeClose (child_process.js:766:16)
10 verbose stack     at Process.ChildProcess._handle.onexit (child_process.js:833:5)
11 verbose pkgid express-starter@0.0.5
12 verbose cwd /Users/robert/src/git.ops.betable.com/manifests-api
13 error Darwin 14.4.0
14 error argv "node" "/usr/local/bin/npm" "run" "start"
15 error node v0.10.40
16 error npm  v2.12.1
17 error code ELIFECYCLE
18 error express-starter@0.0.5 start: `node server.js`
18 error Exit status 8
19 error Failed at the express-starter@0.0.5 start script 'node server.js'.
19 error This is most likely a problem with the express-starter package,
19 error not with npm itself.
19 error Tell the author that this fails on your system:
19 error     node server.js
19 error You can get their info via:
19 error     npm owner ls express-starter
19 error There is likely additional logging output above.
20 verbose exit [ 1, true ]
